[2020-03-31 10:50:04,033] multiqc                                            [DEBUG  ]  No MultiQC config found: /usr/local/bioinfo/src/MultiQC/venv_multiqc-v1.7/lib/python3.6/site-packages/multiqc_config.yaml
[2020-03-31 10:50:04,034] multiqc                                            [DEBUG  ]  No MultiQC config found: /home/smarthey/.multiqc_config.yaml
[2020-03-31 10:50:04,034] multiqc                                            [DEBUG  ]  No MultiQC config found: multiqc_config.yaml
[2020-03-31 10:50:04,034] multiqc                                            [DEBUG  ]  Command used: /usr/local/bioinfo/src/MultiQC/venv_multiqc-v1.7/bin/multiqc .
[2020-03-31 10:50:04,429] multiqc                                            [WARNING]  MultiQC Version v1.8 now available!
[2020-03-31 10:50:04,430] multiqc                                            [INFO   ]  This is MultiQC v1.7
[2020-03-31 10:50:04,430] multiqc                                            [DEBUG  ]  Command     : /usr/local/bioinfo/src/MultiQC/venv_multiqc-v1.7/bin/multiqc .
[2020-03-31 10:50:04,430] multiqc                                            [DEBUG  ]  Working dir : /work/smarthey/PAQmiR_Github/PAQmiR/pipeline_1_template/sources
[2020-03-31 10:50:04,430] multiqc                                            [INFO   ]  Template    : default
[2020-03-31 10:50:04,430] multiqc                                            [INFO   ]  Searching '.'
[2020-03-31 10:50:04,431] multiqc                                            [DEBUG  ]  Analysing modules: custom_content, conpair, peddy, methylQA, phantompeakqualtools, qualimap, preseq, quast, qorts, rna_seqc, rsem, rseqc, busco, goleft_indexcov, disambiguate, supernova, deeptools, sargasso, verifybamid, mirtrace, happy, homer, macs2, theta2, snpeff, gatk, htseq, bcftools, featureCounts, dedup, damageprofiler, picard, prokka, samblaster, samtools, bamtools, jellyfish, vcftools, longranger, stacks, bbmap, bismark, biscuit, hicexplorer, hicup, hicpro, salmon, kallisto, slamdunk, star, hisat2, tophat, bowtie2, bowtie1, kat, leehom, adapterRemoval, clipandmerge, cutadapt, flexbar, trimmomatic, skewer, sortmerna, biobloomtools, fastq_screen, afterqc, fastp, fastqc, minionqc, clusterflow, bcl2fastq, interop, flash
[2020-03-31 10:50:04,431] multiqc                                            [DEBUG  ]  Using temporary directory for creating report: /tmp/tmpeshspo2f
[2020-03-31 10:50:04,674] multiqc                                            [DEBUG  ]  Ignoring file as matched an ignore pattern: fichier1.clean_fastqc.html
[2020-03-31 10:50:04,694] multiqc                                            [DEBUG  ]  Ignoring file as matched an ignore pattern: fichier2.clean.fastq
[2020-03-31 10:50:04,695] multiqc                                            [DEBUG  ]  Ignoring file as matched an ignore pattern: fichier3.clean.fastq
[2020-03-31 10:50:04,711] multiqc                                            [DEBUG  ]  Ignoring file as matched an ignore pattern: fichier1.clean.fastq
[2020-03-31 10:50:04,739] multiqc                                            [DEBUG  ]  Ignoring file as matched an ignore pattern: fichier2.clean.fastq.gz
[2020-03-31 10:50:04,740] multiqc                                            [DEBUG  ]  Ignoring file as matched an ignore pattern: fichier3.clean.fastq.gz
[2020-03-31 10:50:04,740] multiqc                                            [DEBUG  ]  Ignoring file as matched an ignore pattern: fichier2.clean_fastqc.html
[2020-03-31 10:50:04,740] multiqc                                            [DEBUG  ]  Ignoring file as matched an ignore pattern: fichier3.clean_fastqc.html
[2020-03-31 10:50:04,769] multiqc                                            [DEBUG  ]  Ignoring file as matched an ignore pattern: fichier1.clean.fastq.gz
[2020-03-31 10:50:09,170] multiqc                                            [DEBUG  ]  No samples found: custom_content
[2020-03-31 10:50:09,180] multiqc                                            [DEBUG  ]  No samples found: conpair
[2020-03-31 10:50:09,191] multiqc                                            [DEBUG  ]  No samples found: peddy
[2020-03-31 10:50:09,201] multiqc                                            [DEBUG  ]  No samples found: methylQA
[2020-03-31 10:50:09,211] multiqc                                            [DEBUG  ]  No samples found: phantompeakqualtools
[2020-03-31 10:50:09,225] multiqc                                            [DEBUG  ]  No samples found: qualimap
[2020-03-31 10:50:09,235] multiqc                                            [DEBUG  ]  No samples found: preseq
[2020-03-31 10:50:09,246] multiqc                                            [DEBUG  ]  No samples found: quast
[2020-03-31 10:50:09,256] multiqc                                            [DEBUG  ]  No samples found: qorts
[2020-03-31 10:50:09,267] multiqc                                            [DEBUG  ]  No samples found: rna_seqc
[2020-03-31 10:50:09,278] multiqc                                            [DEBUG  ]  No samples found: rsem
[2020-03-31 10:50:09,303] multiqc                                            [DEBUG  ]  No samples found: rseqc
[2020-03-31 10:50:09,313] multiqc                                            [DEBUG  ]  No samples found: busco
[2020-03-31 10:50:09,324] multiqc                                            [DEBUG  ]  No samples found: goleft_indexcov
[2020-03-31 10:50:09,334] multiqc                                            [DEBUG  ]  No samples found: disambiguate
[2020-03-31 10:50:09,344] multiqc                                            [DEBUG  ]  No samples found: supernova
[2020-03-31 10:50:09,370] multiqc                                            [DEBUG  ]  No samples found: deeptools
[2020-03-31 10:50:09,380] multiqc                                            [DEBUG  ]  No samples found: sargasso
[2020-03-31 10:50:09,391] multiqc                                            [DEBUG  ]  No samples found: verifybamid
[2020-03-31 10:50:09,401] multiqc                                            [DEBUG  ]  No samples found: mirtrace
[2020-03-31 10:50:09,411] multiqc                                            [DEBUG  ]  No samples found: happy
[2020-03-31 10:50:09,425] multiqc                                            [DEBUG  ]  No samples found: homer
[2020-03-31 10:50:09,436] multiqc                                            [DEBUG  ]  No samples found: macs2
[2020-03-31 10:50:09,447] multiqc                                            [DEBUG  ]  No samples found: theta2
[2020-03-31 10:50:09,458] multiqc                                            [DEBUG  ]  No samples found: snpeff
[2020-03-31 10:50:09,473] multiqc                                            [DEBUG  ]  No samples found: gatk
[2020-03-31 10:50:09,483] multiqc                                            [DEBUG  ]  No samples found: htseq
[2020-03-31 10:50:09,495] multiqc                                            [DEBUG  ]  No samples found: bcftools
[2020-03-31 10:50:09,505] multiqc                                            [DEBUG  ]  No samples found: featureCounts
[2020-03-31 10:50:09,515] multiqc                                            [DEBUG  ]  No samples found: dedup
[2020-03-31 10:50:09,525] multiqc                                            [DEBUG  ]  No samples found: damageprofiler
[2020-03-31 10:50:09,558] multiqc                                            [DEBUG  ]  No samples found: picard
[2020-03-31 10:50:09,568] multiqc                                            [DEBUG  ]  No samples found: prokka
[2020-03-31 10:50:09,580] multiqc                                            [DEBUG  ]  No samples found: samblaster
[2020-03-31 10:50:09,599] multiqc                                            [DEBUG  ]  No samples found: samtools
[2020-03-31 10:50:09,610] multiqc                                            [DEBUG  ]  No samples found: bamtools
[2020-03-31 10:50:09,623] multiqc                                            [DEBUG  ]  No samples found: jellyfish
[2020-03-31 10:50:09,642] multiqc                                            [DEBUG  ]  No samples found: vcftools
[2020-03-31 10:50:09,653] multiqc                                            [DEBUG  ]  No samples found: longranger
[2020-03-31 10:50:09,663] multiqc                                            [DEBUG  ]  No samples found: stacks
[2020-03-31 10:50:09,693] multiqc                                            [DEBUG  ]  No samples found: bbmap
[2020-03-31 10:50:09,704] multiqc                                            [DEBUG  ]  No samples found: bismark
[2020-03-31 10:50:09,715] multiqc                                            [DEBUG  ]  No samples found: biscuit
[2020-03-31 10:50:09,726] multiqc                                            [DEBUG  ]  No samples found: hicexplorer
[2020-03-31 10:50:09,735] multiqc                                            [DEBUG  ]  No samples found: hicup
[2020-03-31 10:50:09,746] multiqc                                            [DEBUG  ]  No samples found: hicpro
[2020-03-31 10:50:09,756] multiqc                                            [DEBUG  ]  No samples found: salmon
[2020-03-31 10:50:09,767] multiqc                                            [DEBUG  ]  No samples found: kallisto
[2020-03-31 10:50:09,777] multiqc                                            [DEBUG  ]  No samples found: slamdunk
[2020-03-31 10:50:09,787] multiqc                                            [DEBUG  ]  No samples found: star
[2020-03-31 10:50:09,798] multiqc                                            [DEBUG  ]  No samples found: hisat2
[2020-03-31 10:50:09,808] multiqc                                            [DEBUG  ]  No samples found: tophat
[2020-03-31 10:50:09,819] multiqc                                            [DEBUG  ]  No samples found: bowtie2
[2020-03-31 10:50:09,829] multiqc                                            [DEBUG  ]  No samples found: bowtie1
[2020-03-31 10:50:09,839] multiqc                                            [DEBUG  ]  No samples found: kat
[2020-03-31 10:50:09,849] multiqc                                            [DEBUG  ]  No samples found: leehom
[2020-03-31 10:50:09,859] multiqc                                            [DEBUG  ]  No samples found: adapterRemoval
[2020-03-31 10:50:09,869] multiqc                                            [DEBUG  ]  No samples found: clipandmerge
[2020-03-31 10:50:09,880] multiqc                                            [DEBUG  ]  No samples found: cutadapt
[2020-03-31 10:50:09,890] multiqc                                            [DEBUG  ]  No samples found: flexbar
[2020-03-31 10:50:09,899] multiqc                                            [DEBUG  ]  No samples found: trimmomatic
[2020-03-31 10:50:09,909] multiqc                                            [DEBUG  ]  No samples found: skewer
[2020-03-31 10:50:09,919] multiqc                                            [DEBUG  ]  No samples found: sortmerna
[2020-03-31 10:50:09,930] multiqc                                            [DEBUG  ]  No samples found: biobloomtools
[2020-03-31 10:50:09,940] multiqc                                            [DEBUG  ]  No samples found: fastq_screen
[2020-03-31 10:50:09,950] multiqc                                            [DEBUG  ]  No samples found: afterqc
[2020-03-31 10:50:09,962] multiqc                                            [DEBUG  ]  No samples found: fastp
[2020-03-31 10:50:10,040] multiqc.modules.fastqc.fastqc                      [INFO   ]  Found 3 reports
[2020-03-31 10:50:10,165] multiqc                                            [DEBUG  ]  No samples found: minionqc
[2020-03-31 10:50:10,176] multiqc                                            [DEBUG  ]  No samples found: clusterflow
[2020-03-31 10:50:10,187] multiqc                                            [DEBUG  ]  No samples found: bcl2fastq
[2020-03-31 10:50:10,197] multiqc                                            [DEBUG  ]  No samples found: interop
[2020-03-31 10:50:10,208] multiqc                                            [DEBUG  ]  No samples found: flash
[2020-03-31 10:50:10,219] multiqc                                            [INFO   ]  Compressing plot data
[2020-03-31 10:50:10,329] multiqc                                            [INFO   ]  Report      : multiqc_report.html
[2020-03-31 10:50:10,329] multiqc                                            [INFO   ]  Data        : multiqc_data
[2020-03-31 10:50:10,332] multiqc                                            [DEBUG  ]  Moving data file from '/tmp/tmpeshspo2f/multiqc_data/multiqc_data.json' to '/work/smarthey/PAQmiR_Github/PAQmiR/pipeline_1_template/sources/multiqc_data'
[2020-03-31 10:50:10,333] multiqc                                            [DEBUG  ]  Moving data file from '/tmp/tmpeshspo2f/multiqc_data/multiqc_fastqc.txt' to '/work/smarthey/PAQmiR_Github/PAQmiR/pipeline_1_template/sources/multiqc_data'
[2020-03-31 10:50:10,334] multiqc                                            [DEBUG  ]  Moving data file from '/tmp/tmpeshspo2f/multiqc_data/multiqc_sources.txt' to '/work/smarthey/PAQmiR_Github/PAQmiR/pipeline_1_template/sources/multiqc_data'
[2020-03-31 10:50:10,335] multiqc                                            [DEBUG  ]  Moving data file from '/tmp/tmpeshspo2f/multiqc_data/multiqc_general_stats.txt' to '/work/smarthey/PAQmiR_Github/PAQmiR/pipeline_1_template/sources/multiqc_data'
[2020-03-31 10:50:10,616] multiqc                                            [INFO   ]  MultiQC complete
