# UMI-tools version: 1.0.0
# output generated by extract -I /home/smarthey/work/PAQmiR_Github/PAQmiR/pipeline_3_template/sources/sample3.fastq.gz -S /home/smarthey/work/PAQmiR_Github/PAQmiR/pipeline_3_template/UMI_tagged/sample3.tag.fastq.gz --extract-method=regex --bc-pattern=.*(?P<discard_1>AACTGTAGGCACCATCAAT{s<=1})(?P<umi_1>.{12})(?P<discard_2>.*)
# job started at Wed Oct 14 11:37:25 2020 on node133 -- 807d0b0e-d1a0-4a7e-90c9-588888fdd459
# pid: 82140, system: Linux 3.10.0-514.26.2.el7.x86_64 #1 SMP Tue Jul 4 15:04:05 UTC 2017 x86_64
# blacklist                               : None
# compresslevel                           : 6
# either_read                             : False
# either_read_resolve                     : discard
# error_correct_cell                      : False
# extract_method                          : regex
# filter_cell_barcode                     : None
# filter_cell_barcodes                    : False
# log2stderr                              : False
# loglevel                                : 1
# pattern                                 : .*(?P<discard_1>AACTGTAGGCACCATCAAT{s<=1})(?P<umi_1>.{12})(?P<discard_2>.*)
# pattern2                                : None
# prime3                                  : None
# quality_encoding                        : None
# quality_filter_mask                     : None
# quality_filter_threshold                : None
# random_seed                             : None
# read2_in                                : None
# read2_out                               : False
# read2_stdout                            : False
# reads_subset                            : None
# reconcile                               : False
# retain_umi                              : None
# short_help                              : None
# stderr                                  : <_io.TextIOWrapper name='<stderr>' mode='w' encoding='UTF-8'>
# stdin                                   : <_io.TextIOWrapper name='/home/smarthey/work/PAQmiR_Github/PAQmiR/pipeline_3_template/sources/sample3.fastq.gz' encoding='ascii'>
# stdlog                                  : <_io.TextIOWrapper name='<stdout>' mode='w' encoding='UTF-8'>
# stdout                                  : <_io.TextIOWrapper name='/home/smarthey/work/PAQmiR_Github/PAQmiR/pipeline_3_template/UMI_tagged/sample3.tag.fastq.gz' encoding='ascii'>
# timeit_file                             : None
# timeit_header                           : None
# timeit_name                             : all
# tmpdir                                  : None
# whitelist                               : None
2020-10-14 11:37:25,807 INFO Starting barcode extraction
2020-10-14 11:37:31,906 INFO Parsed 100000 reads
2020-10-14 11:37:34,928 INFO Input Reads: 150000
2020-10-14 11:37:34,928 INFO regex matches read1: 135198
2020-10-14 11:37:34,928 INFO Reads output: 135198
2020-10-14 11:37:34,928 INFO regex does not match read1: 14802
# job finished in 9 seconds at Wed Oct 14 11:37:34 2020 --  9.43  1.05  0.00  0.00 -- 807d0b0e-d1a0-4a7e-90c9-588888fdd459
