

#####################################
#                                   #
# miRDeep2.0.0.8                    #
#                                   #
# last change: 21/04/2016           #
#                                   #
#####################################

miRDeep2 started at 18:22:36


#Starting miRDeep2
#testing input files
#Quantitation of known miRNAs in data
#parsing genome mappings
#excising precursors
#preparing signature
#folding precursors
#computing randfold p-values
#running miRDeep core algorithm
#running permuted controls
#doing survey of accuracy
#producing graphic results


miRDeep runtime: 

started: 18:22:36
ended: 18:44:23
total:0h:21m:47s

